INFO:common:[TestRNNs.main] Device cuda
INFO:common:[TestRNNs.main
	 LSTM model path /home/shelbys/Datasets/models/lstm.rnn.model
	 GRU model path /home/shelbys/Datasets/models/gru.rnn.model]
DEBUG:common:[MinGRU.forward]
	Shape of k torch.Size([1, 14, 384])
	Shape of log z torch.Size([1, 14, 384])
DEBUG:common:[MinGRU.forward]
	Shape of log_coeffs torch.Size([1, 14, 384])
	Shape of log h_0 torch.Size([1, 384])
	Shape of log_tilde_h torch.Size([1, 14, 384])
DEBUG:common:[MinGRU.forward]
	Shape of concatenation of h_0, log z plus tilde_h torch.Size([1, 29, 384])
DEBUG:common:[MinGRU.forward]
	Shape of unsqueezed log_h_0 torch.Size([1, 1, 384])
DEBUG:common:[parallel_scan_log]
	Log coefficients shape torch.Size([1, 14, 384])
	Log Values shape torch.Size([1, 15, 384])
DEBUG:common:[parallel_scan_log]
	A Star shape torch.Size([1, 14, 384])
	A star unsqueeze -1 shape torch.Size([1, 14, 384, 1])
DEBUG:common:[parallel_scan_log]
	Log values shape torch.Size([1, 15, 384])
	Selected log values shape torch.Size([1, 15, 384])
